{"C:\\Users\\AL1295\\Documents\\Practice\\basicTest\\apiservice.js": {"path":"C:\\Users\\AL1295\\Documents\\Practice\\basicTest\\apiservice.js","statementMap":{"0":{"start":{"line":2,"column":4},"end":{"line":8,"column":7}},"1":{"start":{"line":4,"column":6},"end":{"line":7,"column":15}},"2":{"start":{"line":5,"column":21},"end":{"line":5,"column":61}},"3":{"start":{"line":6,"column":8},"end":{"line":6,"column":22}}},"fnMap":{"0":{"name":"fetchData","decl":{"start":{"line":1,"column":9},"end":{"line":1,"column":18}},"loc":{"start":{"line":1,"column":21},"end":{"line":9,"column":3}},"line":1},"1":{"name":"(anonymous_1)","decl":{"start":{"line":2,"column":23},"end":{"line":2,"column":24}},"loc":{"start":{"line":2,"column":44},"end":{"line":8,"column":5}},"line":2},"2":{"name":"(anonymous_2)","decl":{"start":{"line":4,"column":17},"end":{"line":4,"column":18}},"loc":{"start":{"line":4,"column":23},"end":{"line":7,"column":7}},"line":4}},"branchMap":{},"s":{"0":2,"1":2,"2":2,"3":2},"f":{"0":2,"1":2,"2":2},"b":{},"_coverageSchema":"1a1c01bbd47fc00a2c39e90264f33305004495a9","hash":"4fe90783315f8916991371b2acf67d7beec542e6"}
,"C:\\Users\\AL1295\\Documents\\Practice\\basicTest\\callbacks.js": {"path":"C:\\Users\\AL1295\\Documents\\Practice\\basicTest\\callbacks.js","statementMap":{"0":{"start":{"line":3,"column":4},"end":{"line":6,"column":13}},"1":{"start":{"line":4,"column":21},"end":{"line":4,"column":30}},"2":{"start":{"line":5,"column":6},"end":{"line":5,"column":23}}},"fnMap":{"0":{"name":"performOperation","decl":{"start":{"line":1,"column":9},"end":{"line":1,"column":25}},"loc":{"start":{"line":1,"column":43},"end":{"line":7,"column":3}},"line":1},"1":{"name":"(anonymous_1)","decl":{"start":{"line":3,"column":15},"end":{"line":3,"column":16}},"loc":{"start":{"line":3,"column":21},"end":{"line":6,"column":5}},"line":3}},"branchMap":{},"s":{"0":1,"1":1,"2":1},"f":{"0":1,"1":1},"b":{},"_coverageSchema":"1a1c01bbd47fc00a2c39e90264f33305004495a9","hash":"5b5abe1c894239dd8673f3a7331248f5fa925557"}
,"C:\\Users\\AL1295\\Documents\\Practice\\basicTest\\dominteraction.js": {"path":"C:\\Users\\AL1295\\Documents\\Practice\\basicTest\\dominteraction.js","statementMap":{"0":{"start":{"line":2,"column":33},"end":{"line":7,"column":3}},"1":{"start":{"line":3,"column":20},"end":{"line":3,"column":54}},"2":{"start":{"line":4,"column":4},"end":{"line":6,"column":5}},"3":{"start":{"line":5,"column":6},"end":{"line":5,"column":36}}},"fnMap":{"0":{"name":"(anonymous_0)","decl":{"start":{"line":2,"column":33},"end":{"line":2,"column":34}},"loc":{"start":{"line":2,"column":57},"end":{"line":7,"column":3}},"line":2}},"branchMap":{"0":{"loc":{"start":{"line":4,"column":4},"end":{"line":6,"column":5}},"type":"if","locations":[{"start":{"line":4,"column":4},"end":{"line":6,"column":5}},{"start":{},"end":{}}],"line":4}},"s":{"0":1,"1":2,"2":2,"3":1},"f":{"0":2},"b":{"0":[1,1]},"_coverageSchema":"1a1c01bbd47fc00a2c39e90264f33305004495a9","hash":"d02235d90d2c9192649a73e7af019e21eb1e32a7"}
,"C:\\Users\\AL1295\\Documents\\Practice\\basicTest\\math.js": {"path":"C:\\Users\\AL1295\\Documents\\Practice\\basicTest\\math.js","statementMap":{"0":{"start":{"line":2,"column":4},"end":{"line":5,"column":5}},"1":{"start":{"line":3,"column":8},"end":{"line":3,"column":15}},"2":{"start":{"line":4,"column":8},"end":{"line":4,"column":15}},"3":{"start":{"line":6,"column":4},"end":{"line":6,"column":15}},"4":{"start":{"line":9,"column":4},"end":{"line":12,"column":5}},"5":{"start":{"line":10,"column":8},"end":{"line":10,"column":15}},"6":{"start":{"line":11,"column":8},"end":{"line":11,"column":15}},"7":{"start":{"line":13,"column":4},"end":{"line":13,"column":15}},"8":{"start":{"line":16,"column":4},"end":{"line":16,"column":15}}},"fnMap":{"0":{"name":"sum","decl":{"start":{"line":1,"column":9},"end":{"line":1,"column":12}},"loc":{"start":{"line":1,"column":19},"end":{"line":7,"column":1}},"line":1},"1":{"name":"sub","decl":{"start":{"line":8,"column":9},"end":{"line":8,"column":12}},"loc":{"start":{"line":8,"column":19},"end":{"line":14,"column":1}},"line":8},"2":{"name":"mul","decl":{"start":{"line":15,"column":9},"end":{"line":15,"column":12}},"loc":{"start":{"line":15,"column":19},"end":{"line":17,"column":1}},"line":15}},"branchMap":{"0":{"loc":{"start":{"line":2,"column":4},"end":{"line":5,"column":5}},"type":"if","locations":[{"start":{"line":2,"column":4},"end":{"line":5,"column":5}},{"start":{},"end":{}}],"line":2},"1":{"loc":{"start":{"line":2,"column":8},"end":{"line":2,"column":52}},"type":"binary-expr","locations":[{"start":{"line":2,"column":8},"end":{"line":2,"column":28}},{"start":{"line":2,"column":32},"end":{"line":2,"column":52}}],"line":2},"2":{"loc":{"start":{"line":9,"column":4},"end":{"line":12,"column":5}},"type":"if","locations":[{"start":{"line":9,"column":4},"end":{"line":12,"column":5}},{"start":{},"end":{}}],"line":9},"3":{"loc":{"start":{"line":9,"column":8},"end":{"line":9,"column":52}},"type":"binary-expr","locations":[{"start":{"line":9,"column":8},"end":{"line":9,"column":28}},{"start":{"line":9,"column":32},"end":{"line":9,"column":52}}],"line":9}},"s":{"0":3,"1":2,"2":2,"3":3,"4":3,"5":2,"6":2,"7":3,"8":3},"f":{"0":3,"1":3,"2":3},"b":{"0":[2,1],"1":[3,1],"2":[2,1],"3":[3,1]},"_coverageSchema":"1a1c01bbd47fc00a2c39e90264f33305004495a9","hash":"9f1882c548103c6e09de6c03337efccc0d092f4a"}
,"C:\\Users\\AL1295\\Documents\\Practice\\basicTest\\mockexample.js": {"path":"C:\\Users\\AL1295\\Documents\\Practice\\basicTest\\mockexample.js","statementMap":{"0":{"start":{"line":1,"column":27},"end":{"line":10,"column":1}},"1":{"start":{"line":2,"column":2},"end":{"line":9,"column":3}},"2":{"start":{"line":3,"column":17},"end":{"line":3,"column":41}},"3":{"start":{"line":5,"column":4},"end":{"line":5,"column":30}},"4":{"start":{"line":7,"column":4},"end":{"line":7,"column":57}},"5":{"start":{"line":8,"column":4},"end":{"line":8,"column":16}},"6":{"start":{"line":12,"column":25},"end":{"line":18,"column":3}},"7":{"start":{"line":15,"column":21},"end":{"line":15,"column":64}},"8":{"start":{"line":16,"column":17},"end":{"line":16,"column":38}},"9":{"start":{"line":17,"column":4},"end":{"line":17,"column":16}}},"fnMap":{"0":{"name":"(anonymous_0)","decl":{"start":{"line":1,"column":27},"end":{"line":1,"column":28}},"loc":{"start":{"line":1,"column":39},"end":{"line":10,"column":1}},"line":1},"1":{"name":"(anonymous_1)","decl":{"start":{"line":12,"column":25},"end":{"line":12,"column":26}},"loc":{"start":{"line":12,"column":37},"end":{"line":18,"column":3}},"line":12}},"branchMap":{},"s":{"0":1,"1":2,"2":2,"3":1,"4":1,"5":1,"6":1,"7":2,"8":1,"9":1},"f":{"0":2,"1":2},"b":{},"_coverageSchema":"1a1c01bbd47fc00a2c39e90264f33305004495a9","hash":"0db5c1550afa15a8a9367f94f85c81958ed0f023"}
}
