TN:
SF:apiservice.js
FN:1,fetchData
FN:2,(anonymous_1)
FN:4,(anonymous_2)
FNF:3
FNH:3
FNDA:2,fetchData
FNDA:2,(anonymous_1)
FNDA:2,(anonymous_2)
DA:2,2
DA:4,2
DA:5,2
DA:6,2
LF:4
LH:4
BRF:0
BRH:0
end_of_record
TN:
SF:callbacks.js
FN:1,performOperation
FN:3,(anonymous_1)
FNF:2
FNH:2
FNDA:1,performOperation
FNDA:1,(anonymous_1)
DA:3,1
DA:4,1
DA:5,1
LF:3
LH:3
BRF:0
BRH:0
end_of_record
TN:
SF:dominteraction.js
FN:2,(anonymous_0)
FNF:1
FNH:1
FNDA:2,(anonymous_0)
DA:2,1
DA:3,2
DA:4,2
DA:5,1
LF:4
LH:4
BRDA:4,0,0,1
BRDA:4,0,1,1
BRF:2
BRH:2
end_of_record
TN:
SF:math.js
FN:1,sum
FN:8,sub
FN:15,mul
FNF:3
FNH:3
FNDA:3,sum
FNDA:3,sub
FNDA:3,mul
DA:2,3
DA:3,2
DA:4,2
DA:6,3
DA:9,3
DA:10,2
DA:11,2
DA:13,3
DA:16,3
LF:9
LH:9
BRDA:2,0,0,2
BRDA:2,0,1,1
BRDA:2,1,0,3
BRDA:2,1,1,1
BRDA:9,2,0,2
BRDA:9,2,1,1
BRDA:9,3,0,3
BRDA:9,3,1,1
BRF:8
BRH:8
end_of_record
TN:
SF:mockexample.js
FN:1,(anonymous_0)
FN:12,(anonymous_1)
FNF:2
FNH:2
FNDA:2,(anonymous_0)
FNDA:2,(anonymous_1)
DA:1,1
DA:2,2
DA:3,2
DA:5,1
DA:7,1
DA:8,1
DA:12,1
DA:15,2
DA:16,1
DA:17,1
LF:10
LH:10
BRF:0
BRH:0
end_of_record
